<?xml version="1.0" encoding="UTF-8"?>
<!-- Generated by org.testng.reporters.JUnitXMLReporter -->
<testsuite hostname="LAPTOP-TTANO7KJ" ignored="0" name="Default test" tests="6" failures="0" timestamp="28 Nov 2018 13:35:29 GMT" time="179.103" errors="0">
  <testcase name="verifyContactsPageLabel" time="0.04" classname="com.crm.qa.testcases.ContactsPageTest"/>
  <testcase name="selectSingleContactsTest" time="0.093" classname="com.crm.qa.testcases.ContactsPageTest"/>
  <testcase name="selectMultipleContactsTest" time="0.22" classname="com.crm.qa.testcases.ContactsPageTest"/>
  <testcase name="validateCreateNewContact" time="3.062" classname="com.crm.qa.testcases.ContactsPageTest"/>
  <testcase name="validateCreateNewContact" time="3.073" classname="com.crm.qa.testcases.ContactsPageTest"/>
  <testcase name="validateCreateNewContact" time="2.654" classname="com.crm.qa.testcases.ContactsPageTest"/>
</testsuite> <!-- Default test -->
